{"/Users/macbookpro/Documents/CSE341-MoviesAPI/server.js": {"path":"/Users/macbookpro/Documents/CSE341-MoviesAPI/server.js","statementMap":{"0":{"start":{"line":4,"column":16},"end":{"line":4,"column":34}},"1":{"start":{"line":5,"column":12},"end":{"line":5,"column":21}},"2":{"start":{"line":6,"column":19},"end":{"line":6,"column":41}},"3":{"start":{"line":7,"column":16},"end":{"line":7,"column":42}},"4":{"start":{"line":8,"column":13},"end":{"line":8,"column":28}},"5":{"start":{"line":9,"column":17},"end":{"line":9,"column":36}},"6":{"start":{"line":10,"column":16},"end":{"line":10,"column":42}},"7":{"start":{"line":11,"column":23},"end":{"line":11,"column":59}},"8":{"start":{"line":12,"column":13},"end":{"line":12,"column":37}},"9":{"start":{"line":18,"column":0},"end":{"line":58,"column":30}},"10":{"start":{"line":47,"column":6},"end":{"line":47,"column":56}},"11":{"start":{"line":48,"column":6},"end":{"line":48,"column":126}},"12":{"start":{"line":49,"column":6},"end":{"line":49,"column":94}},"13":{"start":{"line":50,"column":6},"end":{"line":50,"column":13}},"14":{"start":{"line":64,"column":0},"end":{"line":74,"column":3}},"15":{"start":{"line":72,"column":4},"end":{"line":72,"column":31}},"16":{"start":{"line":77,"column":0},"end":{"line":79,"column":3}},"17":{"start":{"line":78,"column":2},"end":{"line":78,"column":19}},"18":{"start":{"line":82,"column":0},"end":{"line":84,"column":3}},"19":{"start":{"line":83,"column":2},"end":{"line":83,"column":19}},"20":{"start":{"line":92,"column":0},"end":{"line":98,"column":3}},"21":{"start":{"line":93,"column":4},"end":{"line":97,"column":6}},"22":{"start":{"line":101,"column":0},"end":{"line":108,"column":2}},"23":{"start":{"line":105,"column":4},"end":{"line":105,"column":32}},"24":{"start":{"line":106,"column":4},"end":{"line":106,"column":22}},"25":{"start":{"line":115,"column":0},"end":{"line":117,"column":3}},"26":{"start":{"line":116,"column":4},"end":{"line":116,"column":92}},"27":{"start":{"line":133,"column":0},"end":{"line":141,"column":1}},"28":{"start":{"line":134,"column":2},"end":{"line":140,"column":5}},"29":{"start":{"line":135,"column":4},"end":{"line":139,"column":5}},"30":{"start":{"line":136,"column":6},"end":{"line":136,"column":60}},"31":{"start":{"line":138,"column":6},"end":{"line":138,"column":99}},"32":{"start":{"line":138,"column":29},"end":{"line":138,"column":97}},"33":{"start":{"line":143,"column":0},"end":{"line":143,"column":21}}},"fnMap":{"0":{"name":"(anonymous_0)","decl":{"start":{"line":46,"column":7},"end":{"line":46,"column":8}},"loc":{"start":{"line":46,"column":27},"end":{"line":51,"column":3}},"line":46},"1":{"name":"(anonymous_1)","decl":{"start":{"line":71,"column":2},"end":{"line":71,"column":3}},"loc":{"start":{"line":71,"column":53},"end":{"line":73,"column":3}},"line":71},"2":{"name":"(anonymous_2)","decl":{"start":{"line":77,"column":23},"end":{"line":77,"column":24}},"loc":{"start":{"line":77,"column":39},"end":{"line":79,"column":1}},"line":77},"3":{"name":"(anonymous_3)","decl":{"start":{"line":82,"column":25},"end":{"line":82,"column":26}},"loc":{"start":{"line":82,"column":41},"end":{"line":84,"column":1}},"line":82},"4":{"name":"(anonymous_4)","decl":{"start":{"line":92,"column":13},"end":{"line":92,"column":14}},"loc":{"start":{"line":92,"column":27},"end":{"line":98,"column":1}},"line":92},"5":{"name":"(anonymous_5)","decl":{"start":{"line":104,"column":2},"end":{"line":104,"column":3}},"loc":{"start":{"line":104,"column":16},"end":{"line":107,"column":3}},"line":104},"6":{"name":"(anonymous_6)","decl":{"start":{"line":115,"column":32},"end":{"line":115,"column":33}},"loc":{"start":{"line":115,"column":49},"end":{"line":117,"column":1}},"line":115},"7":{"name":"(anonymous_7)","decl":{"start":{"line":134,"column":23},"end":{"line":134,"column":24}},"loc":{"start":{"line":134,"column":32},"end":{"line":140,"column":3}},"line":134},"8":{"name":"(anonymous_8)","decl":{"start":{"line":138,"column":23},"end":{"line":138,"column":24}},"loc":{"start":{"line":138,"column":29},"end":{"line":138,"column":97}},"line":138}},"branchMap":{"0":{"loc":{"start":{"line":12,"column":13},"end":{"line":12,"column":37}},"type":"binary-expr","locations":[{"start":{"line":12,"column":13},"end":{"line":12,"column":29}},{"start":{"line":12,"column":33},"end":{"line":12,"column":37}}],"line":12},"1":{"loc":{"start":{"line":94,"column":6},"end":{"line":96,"column":22}},"type":"cond-expr","locations":[{"start":{"line":95,"column":10},"end":{"line":95,"column":56}},{"start":{"line":96,"column":10},"end":{"line":96,"column":22}}],"line":94},"2":{"loc":{"start":{"line":133,"column":0},"end":{"line":141,"column":1}},"type":"if","locations":[{"start":{"line":133,"column":0},"end":{"line":141,"column":1}},{"start":{},"end":{}}],"line":133},"3":{"loc":{"start":{"line":135,"column":4},"end":{"line":139,"column":5}},"type":"if","locations":[{"start":{"line":135,"column":4},"end":{"line":139,"column":5}},{"start":{"line":137,"column":11},"end":{"line":139,"column":5}}],"line":135}},"s":{"0":4,"1":4,"2":4,"3":4,"4":4,"5":4,"6":4,"7":4,"8":4,"9":4,"10":12,"11":12,"12":12,"13":12,"14":4,"15":0,"16":4,"17":0,"18":4,"19":0,"20":4,"21":0,"22":4,"23":0,"24":0,"25":4,"26":0,"27":4,"28":0,"29":0,"30":0,"31":0,"32":0,"33":4},"f":{"0":12,"1":0,"2":0,"3":0,"4":0,"5":0,"6":0,"7":0,"8":0},"b":{"0":[4,4],"1":[0,0],"2":[0,4],"3":[0,0]},"_coverageSchema":"1a1c01bbd47fc00a2c39e90264f33305004495a9","hash":"9d7ac4380f5aae3dc6a536fbd4542e8ea06277ff"}
,"/Users/macbookpro/Documents/CSE341-MoviesAPI/mocks/actors.mock.js": {"path":"/Users/macbookpro/Documents/CSE341-MoviesAPI/mocks/actors.mock.js","statementMap":{"0":{"start":{"line":3,"column":15},"end":{"line":8,"column":1}},"1":{"start":{"line":4,"column":2},"end":{"line":7,"column":46}},"2":{"start":{"line":10,"column":16},"end":{"line":16,"column":1}},"3":{"start":{"line":11,"column":17},"end":{"line":11,"column":27}},"4":{"start":{"line":12,"column":2},"end":{"line":15,"column":46}},"5":{"start":{"line":18,"column":19},"end":{"line":23,"column":1}},"6":{"start":{"line":19,"column":2},"end":{"line":22,"column":57}},"7":{"start":{"line":25,"column":20},"end":{"line":30,"column":1}},"8":{"start":{"line":26,"column":2},"end":{"line":29,"column":59}},"9":{"start":{"line":32,"column":20},"end":{"line":37,"column":1}},"10":{"start":{"line":33,"column":2},"end":{"line":36,"column":59}},"11":{"start":{"line":39,"column":20},"end":{"line":44,"column":1}},"12":{"start":{"line":40,"column":2},"end":{"line":43,"column":59}},"13":{"start":{"line":46,"column":0},"end":{"line":53,"column":2}}},"fnMap":{"0":{"name":"(anonymous_0)","decl":{"start":{"line":3,"column":15},"end":{"line":3,"column":16}},"loc":{"start":{"line":3,"column":35},"end":{"line":8,"column":1}},"line":3},"1":{"name":"(anonymous_1)","decl":{"start":{"line":10,"column":16},"end":{"line":10,"column":17}},"loc":{"start":{"line":10,"column":36},"end":{"line":16,"column":1}},"line":10},"2":{"name":"(anonymous_2)","decl":{"start":{"line":18,"column":19},"end":{"line":18,"column":20}},"loc":{"start":{"line":18,"column":39},"end":{"line":23,"column":1}},"line":18},"3":{"name":"(anonymous_3)","decl":{"start":{"line":25,"column":20},"end":{"line":25,"column":21}},"loc":{"start":{"line":25,"column":40},"end":{"line":30,"column":1}},"line":25},"4":{"name":"(anonymous_4)","decl":{"start":{"line":32,"column":20},"end":{"line":32,"column":21}},"loc":{"start":{"line":32,"column":40},"end":{"line":37,"column":1}},"line":32},"5":{"name":"(anonymous_5)","decl":{"start":{"line":39,"column":20},"end":{"line":39,"column":21}},"loc":{"start":{"line":39,"column":40},"end":{"line":44,"column":1}},"line":39}},"branchMap":{},"s":{"0":4,"1":0,"2":4,"3":0,"4":0,"5":4,"6":0,"7":4,"8":0,"9":4,"10":0,"11":4,"12":0,"13":4},"f":{"0":0,"1":0,"2":0,"3":0,"4":0,"5":0},"b":{},"_coverageSchema":"1a1c01bbd47fc00a2c39e90264f33305004495a9","hash":"a1f8d56f577800422bebf8a1bae753780b3a55d8"}
,"/Users/macbookpro/Documents/CSE341-MoviesAPI/routes/actors.js": {"path":"/Users/macbookpro/Documents/CSE341-MoviesAPI/routes/actors.js","statementMap":{"0":{"start":{"line":2,"column":16},"end":{"line":2,"column":34}},"1":{"start":{"line":5,"column":15},"end":{"line":5,"column":31}},"2":{"start":{"line":8,"column":25},"end":{"line":8,"column":57}},"3":{"start":{"line":11,"column":33},"end":{"line":11,"column":66}},"4":{"start":{"line":14,"column":28},"end":{"line":14,"column":65}},"5":{"start":{"line":17,"column":15},"end":{"line":17,"column":46}},"6":{"start":{"line":18,"column":19},"end":{"line":20,"column":46}},"7":{"start":{"line":32,"column":0},"end":{"line":32,"column":41}},"8":{"start":{"line":35,"column":0},"end":{"line":35,"column":45}},"9":{"start":{"line":47,"column":0},"end":{"line":47,"column":88}},"10":{"start":{"line":52,"column":0},"end":{"line":52,"column":90}},"11":{"start":{"line":56,"column":0},"end":{"line":56,"column":69}},"12":{"start":{"line":59,"column":0},"end":{"line":59,"column":24}}},"fnMap":{},"branchMap":{"0":{"loc":{"start":{"line":18,"column":19},"end":{"line":20,"column":46}},"type":"cond-expr","locations":[{"start":{"line":19,"column":4},"end":{"line":19,"column":35}},{"start":{"line":20,"column":4},"end":{"line":20,"column":46}}],"line":18}},"s":{"0":4,"1":4,"2":4,"3":4,"4":4,"5":4,"6":4,"7":4,"8":4,"9":4,"10":4,"11":4,"12":4},"f":{},"b":{"0":[4,0]},"_coverageSchema":"1a1c01bbd47fc00a2c39e90264f33305004495a9","hash":"5585477026bc169f029a526c205d128e4db635db"}
}
