TN:
SF:server.js
FN:46,(anonymous_0)
FN:71,(anonymous_1)
FN:77,(anonymous_2)
FN:82,(anonymous_3)
FN:92,(anonymous_4)
FN:104,(anonymous_5)
FN:115,(anonymous_6)
FN:134,(anonymous_7)
FN:138,(anonymous_8)
FNF:9
FNH:1
FNDA:12,(anonymous_0)
FNDA:0,(anonymous_1)
FNDA:0,(anonymous_2)
FNDA:0,(anonymous_3)
FNDA:0,(anonymous_4)
FNDA:0,(anonymous_5)
FNDA:0,(anonymous_6)
FNDA:0,(anonymous_7)
FNDA:0,(anonymous_8)
DA:4,4
DA:5,4
DA:6,4
DA:7,4
DA:8,4
DA:9,4
DA:10,4
DA:11,4
DA:12,4
DA:18,4
DA:47,12
DA:48,12
DA:49,12
DA:50,12
DA:64,4
DA:72,0
DA:77,4
DA:78,0
DA:82,4
DA:83,0
DA:92,4
DA:93,0
DA:101,4
DA:105,0
DA:106,0
DA:115,4
DA:116,0
DA:133,4
DA:134,0
DA:135,0
DA:136,0
DA:138,0
DA:143,4
LF:33
LH:22
BRDA:12,0,0,4
BRDA:12,0,1,4
BRDA:94,1,0,0
BRDA:94,1,1,0
BRDA:133,2,0,0
BRDA:133,2,1,4
BRDA:135,3,0,0
BRDA:135,3,1,0
BRF:8
BRH:3
end_of_record
TN:
SF:mocks/actors.mock.js
FN:3,(anonymous_0)
FN:10,(anonymous_1)
FN:18,(anonymous_2)
FN:25,(anonymous_3)
FN:32,(anonymous_4)
FN:39,(anonymous_5)
FNF:6
FNH:0
FNDA:0,(anonymous_0)
FNDA:0,(anonymous_1)
FNDA:0,(anonymous_2)
FNDA:0,(anonymous_3)
FNDA:0,(anonymous_4)
FNDA:0,(anonymous_5)
DA:3,4
DA:4,0
DA:10,4
DA:11,0
DA:12,0
DA:18,4
DA:19,0
DA:25,4
DA:26,0
DA:32,4
DA:33,0
DA:39,4
DA:40,0
DA:46,4
LF:14
LH:7
BRF:0
BRH:0
end_of_record
TN:
SF:routes/actors.js
FNF:0
FNH:0
DA:2,4
DA:5,4
DA:8,4
DA:11,4
DA:14,4
DA:17,4
DA:18,4
DA:32,4
DA:35,4
DA:47,4
DA:52,4
DA:56,4
DA:59,4
LF:13
LH:13
BRDA:18,0,0,4
BRDA:18,0,1,0
BRF:2
BRH:1
end_of_record
